<?xml version="1.0" encoding="UTF-8"?>
<testsuite name="kouch.kouch.CopyWithRevisionTest" tests="2" skipped="0" failures="0" errors="0" timestamp="2020-09-21T10:02:02" hostname="gemini" time="0.007">
  <properties/>
  <testcase name="copyWithRevisionTest1" classname="kouch.kouch.CopyWithRevisionTest" time="0.007"/>
  <testcase name="copyWithRevisionTest2" classname="kouch.kouch.CopyWithRevisionTest" time="0.0"/>
  <system-out><![CDATA[]]></system-out>
  <system-err><![CDATA[]]></system-err>
</testsuite>
