<?xml version="1.0" encoding="UTF-8"?>
<testsuite name="kouch.KotlinSerializerTest" tests="5" skipped="0" failures="0" errors="0" timestamp="2020-09-21T10:01:34" hostname="gemini" time="0.011">
  <properties/>
  <testcase name="serializeWithDefaultData" classname="kouch.KotlinSerializerTest" time="0.003"/>
  <testcase name="serializeAllSet" classname="kouch.KotlinSerializerTest" time="0.0"/>
  <testcase name="serializeWithDefaultRev" classname="kouch.KotlinSerializerTest" time="0.001"/>
  <testcase name="serializeWithDefaultRevAndData" classname="kouch.KotlinSerializerTest" time="0.0"/>
  <testcase name="deserialize" classname="kouch.KotlinSerializerTest" time="0.006"/>
  <system-out><![CDATA[{"id":"theId","revision":"theRevision","someData":"someData","someDefData":"theDefData2","test":{"id":"SUBtheId","revision":"SUBtheRevision","someData":"SUBsomeData","someDefData":"SUBtheDefData2","test":null}}
]]></system-out>
  <system-err><![CDATA[]]></system-err>
</testsuite>
