<?xml version="1.0" encoding="UTF-8"?>
<testsuite name="kouch.kouch.KouchDatabaseTest" tests="6" skipped="0" failures="0" errors="0" timestamp="2020-09-21T10:01:59" hostname="gemini" time="2.955">
  <properties/>
  <testcase name="dbPutTest1" classname="kouch.kouch.KouchDatabaseTest" time="0.537"/>
  <testcase name="dbPutTest2" classname="kouch.kouch.KouchDatabaseTest" time="0.479"/>
  <testcase name="dbDeleteTest" classname="kouch.kouch.KouchDatabaseTest" time="0.442"/>
  <testcase name="dbGetTest" classname="kouch.kouch.KouchDatabaseTest" time="0.449"/>
  <testcase name="dbsTest" classname="kouch.kouch.KouchDatabaseTest" time="0.567"/>
  <testcase name="dbIsExistTest" classname="kouch.kouch.KouchDatabaseTest" time="0.48"/>
  <system-out><![CDATA[]]></system-out>
  <system-err><![CDATA[]]></system-err>
</testsuite>
